<?xml version="1.0" encoding="UTF-8"?>
<Site BuildName="(empty)"
	BuildStamp="20250217-1407-Experimental"
	Name="(empty)"
	Generator="ctest-3.31.5"
	CompilerName=""
	CompilerVersion=""
	OSName="Windows"
	Hostname="DESKTOP-U2DME0P"
	OSRelease=" Professional"
	OSVersion=" (Build 19045)"
	OSPlatform="AMD64"
	Is64Bits="1"
	VendorString="GenuineIntel"
	VendorID="Intel Corporation"
	FamilyID="6"
	ModelID="14"
	ModelName=""
	ProcessorCacheSize="-1"
	NumberOfLogicalCPU="4"
	NumberOfPhysicalCPU="4"
	TotalVirtualMemory="19079"
	TotalPhysicalMemory="15751"
	LogicalProcessorsPerPhysical="1"
	ProcessorClockFrequency="3312"
	>
	<Testing>
		<StartDateTime>Feb 17 19:25 FLE Standard Time</StartDateTime>
		<StartTestTime>1739813104</StartTestTime>
		<TestList/>
		<EndDateTime>Feb 17 19:25 FLE Standard Time</EndDateTime>
		<EndTestTime>1739813104</EndTestTime>
		<ElapsedMinutes>0</ElapsedMinutes>
	</Testing>
</Site>
